<?xml version="1.0" encoding="utf-8"?><testsuites><testsuite name="pytest" errors="0" failures="0" skipped="0" tests="4" time="62.752" timestamp="2024-03-28T15:48:03.353016" hostname="DESKTOP-KA2FGMF"><testcase classname="test_add_remove.TestAddRemove" name="test_add_remove" time="16.139" /><testcase classname="test_basic_auth.TestBasic" name="test_basicauth" time="10.840" /><testcase classname="test_broken_images.TestBrokenImages" name="test_broken_image" time="12.391" /><testcase classname="test_home.TestHome" name="test_home" time="23.220" /></testsuite></testsuites>